\BOOKMARK [0][-]{chapter*.2}{\376\377\004\022\004\062\004\065\004\064\004\065\004\075\004\070\004\065}{}% 1
\BOOKMARK [0][-]{chapter.1}{\376\377\004\035\004\065\004\071\004\100\004\076\004\075\004\075\004\113\004\065\000\040\004\101\004\065\004\102\004\070}{}% 2
\BOOKMARK [1][-]{section.1.1}{\376\377\004\037\004\100\004\070\004\074\004\065\004\075\004\065\004\075\004\070\004\065\000\040\004\075\004\065\004\071\004\100\004\076\004\075\004\075\004\113\004\105\000\040\004\101\004\065\004\102\004\065\004\071}{chapter.1}% 3
\BOOKMARK [1][-]{section.1.2}{\376\377\004\036\004\101\004\075\004\076\004\062\004\075\004\113\004\065\000\040\004\076\004\077\004\100\004\065\004\064\004\065\004\073\004\065\004\075\004\070\004\117}{chapter.1}% 4
\BOOKMARK [1][-]{section.1.3}{\376\377\004\022\004\070\004\064\004\113\000\040\004\075\004\065\004\071\004\100\004\076\004\075\004\075\004\113\004\105\000\040\004\101\004\065\004\102\004\065\004\071}{chapter.1}% 5
\BOOKMARK [1][-]{section.1.4}{\376\377\004\036\004\061\004\103\004\107\004\060\004\116\004\111\004\070\004\065\000\040\004\060\004\073\004\063\004\076\004\100\004\070\004\102\004\074\004\113}{chapter.1}% 6
\BOOKMARK [1][-]{section.1.5}{\376\377\004\037\004\065\004\100\004\106\004\065\004\077\004\102\004\100\004\076\004\075}{chapter.1}% 7
\BOOKMARK [2][-]{subsection.1.5.1}{\376\377\004\032\004\062\004\060\004\064\004\100\004\060\004\102\004\070\004\107\004\075\004\060\004\117\000\040\004\106\004\065\004\073\004\065\004\062\004\060\004\117\000\040\004\104\004\103\004\075\004\072\004\106\004\070\004\117}{section.1.5}% 8
\BOOKMARK [2][-]{subsection.1.5.2}{\376\377\004\036\004\061\004\103\004\107\004\065\004\075\004\070\004\065\000\040\004\073\004\070\004\075\004\065\004\071\004\075\004\076\004\063\004\076\000\040\004\075\004\065\004\071\004\100\004\076\004\075\004\060}{section.1.5}% 9
\BOOKMARK [1][-]{section.1.6}{\376\377\004\041\004\070\004\063\004\074\004\076\004\070\004\064\004\060\004\073\004\114\004\075\004\113\004\071\000\040\004\075\004\065\004\071\004\100\004\076\004\075}{chapter.1}% 10
\BOOKMARK [2][-]{subsection.1.6.1}{\376\377\004\022\004\113\004\062\004\076\004\064\000\040\004\077\004\100\004\060\004\062\004\070\004\073\000\040\004\076\004\061\004\103\004\107\004\065\004\075\004\070\004\117\000\040\004\064\004\073\004\117\000\040\004\073\004\076\004\063\004\070\004\101\004\102\004\070\004\107\004\065\004\101\004\072\004\076\004\063\004\076\000\040\004\075\004\065\004\071\004\100\004\076\004\075\004\060}{section.1.6}% 11
\BOOKMARK [1][-]{section.1.7}{\376\377\004\041\004\102\004\076\004\105\004\060\004\101\004\102\004\070\004\107\004\065\004\101\004\072\004\070\004\071\000\040\004\063\004\100\004\060\004\064\004\070\004\065\004\075\004\102\004\075\004\113\004\071\000\040\004\101\004\077\004\103\004\101\004\072}{chapter.1}% 12
\BOOKMARK [1][-]{section.1.8}{\376\377\004\034\004\075\004\076\004\063\004\076\004\101\004\073\004\076\004\071\004\075\004\113\004\071\000\040\004\077\004\065\004\100\004\106\004\065\004\077\004\102\004\100\004\076\004\075\000\040\004\040\004\103\004\074\004\065\004\073\004\114\004\105\004\060\004\100\004\102\004\060}{chapter.1}% 13
\BOOKMARK [2][-]{subsection.1.8.1}{\376\377\004\020\004\073\004\063\004\076\004\100\004\070\004\102\004\074\000\040\004\076\004\061\004\100\004\060\004\102\004\075\004\076\004\063\004\076\000\040\004\100\004\060\004\101\004\077\004\100\004\076\004\101\004\102\004\100\004\060\004\075\004\065\004\075\004\070\004\117\000\040\004\076\004\110\004\070\004\061\004\072\004\070}{section.1.8}% 14
\BOOKMARK [0][-]{chapter.2}{\376\377\004\055\004\062\004\076\004\073\004\116\004\106\004\070\004\076\004\075\004\075\004\113\004\065\000\040\004\060\004\073\004\063\004\076\004\100\004\070\004\102\004\074\004\113}{}% 15
\BOOKMARK [1][-]{section.2.1}{\376\377\004\022\004\070\004\064\004\113\000\040\004\115\004\062\004\076\004\073\004\116\004\106\004\070\004\076\004\075\004\075\004\113\004\105\000\040\004\060\004\073\004\063\004\076\004\100\004\070\004\102\004\074\004\076\004\062}{chapter.2}% 16
\BOOKMARK [1][-]{section.2.2}{\376\377\004\037\004\076\004\075\004\117\004\102\004\070\004\065\000\040\004\065\004\101\004\102\004\065\004\101\004\102\004\062\004\065\004\075\004\075\004\076\004\063\004\076\000\040\004\076\004\102\004\061\004\076\004\100\004\060}{chapter.2}% 17
\BOOKMARK [0][-]{chapter.3}{\376\377\004\040\004\060\004\067\004\100\004\060\004\061\004\076\004\102\004\060\004\075\004\075\004\076\004\065\000\040\004\037\004\036}{}% 18
\BOOKMARK [1][-]{subsection.3.0.1}{\376\377\004\046\004\065\004\073\004\114\000\040\004\101\004\076\004\067\004\064\004\060\004\075\004\070\004\117\000\040\004\037\004\036}{chapter.3}% 19
\BOOKMARK [2][-]{subsection.3.0.2}{\376\377\004\022\004\113\004\061\004\076\004\100\000\040\004\101\004\100\004\065\004\064\004\101\004\102\004\062\000\040\004\064\004\073\004\117\000\040\004\101\004\076\004\067\004\064\004\060\004\075\004\070\004\117\000\040\004\037\004\036}{subsection.3.0.1}% 20
\BOOKMARK [2][-]{subsection.3.0.3}{\376\377\004\036\004\077\004\070\004\101\004\060\004\075\004\070\004\065\000\040\004\101\004\076\004\067\004\064\004\060\004\075\004\075\004\076\004\063\004\076\000\040\004\037\004\036}{subsection.3.0.1}% 21
\BOOKMARK [2][-]{subsection.3.0.4}{\376\377\004\040\004\065\004\067\004\103\004\073\004\114\004\102\004\060\004\102\004\113\000\040\004\102\004\065\004\101\004\102\004\070\004\100\004\076\004\062\004\060\004\075\004\070\004\117\000\040\004\037\004\036}{subsection.3.0.1}% 22
\BOOKMARK [0][-]{figure.3.4}{\376\377\004\033\004\070\004\102\004\065\004\100\004\060\004\102\004\103\004\100\004\060}{}% 23
